<?xml version="1.0" encoding="UTF-8"?>
<testsuite xmlns:xsi="http://www.w3.org/2001/XMLSchema-instance" xsi:noNamespaceSchemaLocation="https://maven.apache.org/surefire/maven-surefire-plugin/xsd/surefire-test-report.xsd" version="3.0.2" name="org.eclipse.ocl.examples.validity.test.AllValidityTests" time="5.205" tests="31" errors="0" skipped="0" failures="0">
  <properties>
[...]
</properties>
  <testcase name="testHTMLExport_LoggingMetricsWithNoSeverity &lt;&gt;" classname="org.eclipse.ocl.examples.validity.test.HTMLExportOCLValidationResultTests" time="2.518"/>
  <testcase name="testHTMLExport_LoggingMetricsWithWarningSeverity &lt;&gt;" classname="org.eclipse.ocl.examples.validity.test.HTMLExportOCLValidationResultTests" time="0.118"/>
  <testcase name="testHTMLExport_LoggingMetricsWithInformationSeverity &lt;&gt;" classname="org.eclipse.ocl.examples.validity.test.HTMLExportOCLValidationResultTests" time="0.089"/>
  <testcase name="testHTMLExport_ProducesOneLogHeading &lt;&gt;" classname="org.eclipse.ocl.examples.validity.test.HTMLExportOCLValidationResultTests" time="0.085"/>
  <testcase name="testHTMLExport_ModelsValidatedSuccessfully &lt;&gt;" classname="org.eclipse.ocl.examples.validity.test.HTMLExportOCLValidationResultTests" time="0.081"/>
  <testcase name="testHTMLExport_LoggingMetricsWithErrorSeverity &lt;&gt;" classname="org.eclipse.ocl.examples.validity.test.HTMLExportOCLValidationResultTests" time="0.076"/>
  <testcase name="testHTMLExport_LoggingMetricsWithFailureSeverity &lt;&gt;" classname="org.eclipse.ocl.examples.validity.test.HTMLExportOCLValidationResultTests" time="0.081"/>
  <testcase name="testHTMLExport_LogContent &lt;&gt;" classname="org.eclipse.ocl.examples.validity.test.HTMLExportOCLValidationResultTests" time="0.084"/>
  <testcase name="testHTMLExport_ProducesAllLogHeadings &lt;&gt;" classname="org.eclipse.ocl.examples.validity.test.HTMLExportOCLValidationResultTests" time="0.071"/>
  <testcase name="testHTMLExport_LogInfoDiagnosticMessage &lt;&gt;" classname="org.eclipse.ocl.examples.validity.test.HTMLExportOCLValidationResultTests" time="0.076"/>
  <testcase name="testHTMLExport_LogNullDiagnosticMessage &lt;&gt;" classname="org.eclipse.ocl.examples.validity.test.HTMLExportOCLValidationResultTests" time="0.067"/>
  <testcase name="testHTMLExport_Statistics &lt;&gt;" classname="org.eclipse.ocl.examples.validity.test.HTMLExportOCLValidationResultTests" time="0.069"/>
  <testcase name="testTEXTExport_ModelsValidatedSuccessfully &lt;&gt;" classname="org.eclipse.ocl.examples.validity.test.TextExportOCLValidationResultTests" time="0.068"/>
  <testcase name="testTEXTExport_LoggingMetricsWithNoSeverity &lt;&gt;" classname="org.eclipse.ocl.examples.validity.test.TextExportOCLValidationResultTests" time="0.073"/>
  <testcase name="testTEXTExport_LoggingMetricsWithErrorSeverity &lt;&gt;" classname="org.eclipse.ocl.examples.validity.test.TextExportOCLValidationResultTests" time="0.066"/>
  <testcase name="testTEXTExport_ProducesAllLogHeadings &lt;&gt;" classname="org.eclipse.ocl.examples.validity.test.TextExportOCLValidationResultTests" time="0.072"/>
  <testcase name="testTEXTExport_LoggingMetricsWithWarningSeverity &lt;&gt;" classname="org.eclipse.ocl.examples.validity.test.TextExportOCLValidationResultTests" time="0.076"/>
  <testcase name="testTEXTExport_LogInfoDiagnosticMessage &lt;&gt;" classname="org.eclipse.ocl.examples.validity.test.TextExportOCLValidationResultTests" time="0.062"/>
  <testcase name="testTEXTExport_LogNullDiagnosticMessage &lt;&gt;" classname="org.eclipse.ocl.examples.validity.test.TextExportOCLValidationResultTests" time="0.055"/>
  <testcase name="testTEXTExport_LoggingMetricsWithInformationSeverity &lt;&gt;" classname="org.eclipse.ocl.examples.validity.test.TextExportOCLValidationResultTests" time="0.054"/>
  <testcase name="testTEXTExport_LoggingMetricsWithFailureSeverity &lt;&gt;" classname="org.eclipse.ocl.examples.validity.test.TextExportOCLValidationResultTests" time="0.064"/>
  <testcase name="testTEXTExport_Statistics &lt;&gt;" classname="org.eclipse.ocl.examples.validity.test.TextExportOCLValidationResultTests" time="0.063"/>
  <testcase name="testValidityManagerGetConstrainingNodeResults &lt;&gt;" classname="org.eclipse.ocl.examples.validity.test.ValidityManagerTests" time="0.055"/>
  <testcase name="testValidityManagerGetValidatableNodeResults &lt;&gt;" classname="org.eclipse.ocl.examples.validity.test.ValidityManagerTests" time="0.052"/>
  <testcase name="testValidityManagerGetConstrainingNode &lt;&gt;" classname="org.eclipse.ocl.examples.validity.test.ValidityManagerTests" time="0.054"/>
  <testcase name="testValidityManagerSetInput &lt;&gt;" classname="org.eclipse.ocl.examples.validity.test.ValidityManagerTests" time="0.062"/>
  <testcase name="testValidityModelInitializationConstraints &lt;&gt;" classname="org.eclipse.ocl.examples.validity.test.ValidityModelTests" time="0.051"/>
  <testcase name="testValidityModelCreateResultSet &lt;&gt;" classname="org.eclipse.ocl.examples.validity.test.ValidityModelTests" time="0.049"/>
  <testcase name="testValidityModel_AllResourcesArePresent &lt;&gt;" classname="org.eclipse.ocl.examples.validity.test.ValidityModelTests" time="0.049"/>
  <testcase name="testValidityModelInitialization_RootValidatableNodesArePresent &lt;&gt;" classname="org.eclipse.ocl.examples.validity.test.ValidityModelTests" time="0.049"/>
  <testcase name="testValidityModelInitializationModelElements &lt;&gt;" classname="org.eclipse.ocl.examples.validity.test.ValidityModelTests" time="0.057"/>
</testsuite>