<?xml version="1.0" encoding="UTF-8"?>
<testsuite xmlns:xsi="http://www.w3.org/2001/XMLSchema-instance" xsi:noNamespaceSchemaLocation="https://maven.apache.org/surefire/maven-surefire-plugin/xsd/surefire-test-report.xsd" version="3.0" name="org.eclipse.ocl.examples.test.AllExamplesTests" time="11.889" tests="31" errors="0" skipped="0" failures="0">
  <properties>
[...]
</properties>
  <testcase name="testHTMLExport_LoggingMetricsWithNoSeverity &lt;tycho&gt;" classname="org.eclipse.ocl.examples.validity.test.HTMLExportOCLValidationResultTests" time="3.518"/>
  <testcase name="testHTMLExport_LoggingMetricsWithWarningSeverity &lt;tycho&gt;" classname="org.eclipse.ocl.examples.validity.test.HTMLExportOCLValidationResultTests" time="0.113"/>
  <testcase name="testHTMLExport_LoggingMetricsWithInformationSeverity &lt;tycho&gt;" classname="org.eclipse.ocl.examples.validity.test.HTMLExportOCLValidationResultTests" time="0.093"/>
  <testcase name="testHTMLExport_ProducesOneLogHeading &lt;tycho&gt;" classname="org.eclipse.ocl.examples.validity.test.HTMLExportOCLValidationResultTests" time="0.109"/>
  <testcase name="testHTMLExport_ModelsValidatedSuccessfully &lt;tycho&gt;" classname="org.eclipse.ocl.examples.validity.test.HTMLExportOCLValidationResultTests" time="0.088"/>
  <testcase name="testHTMLExport_LoggingMetricsWithErrorSeverity &lt;tycho&gt;" classname="org.eclipse.ocl.examples.validity.test.HTMLExportOCLValidationResultTests" time="0.078"/>
  <testcase name="testHTMLExport_LoggingMetricsWithFailureSeverity &lt;tycho&gt;" classname="org.eclipse.ocl.examples.validity.test.HTMLExportOCLValidationResultTests" time="0.08"/>
  <testcase name="testHTMLExport_LogContent &lt;tycho&gt;" classname="org.eclipse.ocl.examples.validity.test.HTMLExportOCLValidationResultTests" time="0.082"/>
  <testcase name="testHTMLExport_ProducesAllLogHeadings &lt;tycho&gt;" classname="org.eclipse.ocl.examples.validity.test.HTMLExportOCLValidationResultTests" time="0.071"/>
  <testcase name="testHTMLExport_LogInfoDiagnosticMessage &lt;tycho&gt;" classname="org.eclipse.ocl.examples.validity.test.HTMLExportOCLValidationResultTests" time="0.074"/>
  <testcase name="testHTMLExport_LogNullDiagnosticMessage &lt;tycho&gt;" classname="org.eclipse.ocl.examples.validity.test.HTMLExportOCLValidationResultTests" time="0.067"/>
  <testcase name="testHTMLExport_Statistics &lt;tycho&gt;" classname="org.eclipse.ocl.examples.validity.test.HTMLExportOCLValidationResultTests" time="0.077"/>
  <testcase name="testTEXTExport_ModelsValidatedSuccessfully &lt;tycho&gt;" classname="org.eclipse.ocl.examples.validity.test.TextExportOCLValidationResultTests" time="0.073"/>
  <testcase name="testTEXTExport_LoggingMetricsWithNoSeverity &lt;tycho&gt;" classname="org.eclipse.ocl.examples.validity.test.TextExportOCLValidationResultTests" time="0.101"/>
  <testcase name="testTEXTExport_LoggingMetricsWithErrorSeverity &lt;tycho&gt;" classname="org.eclipse.ocl.examples.validity.test.TextExportOCLValidationResultTests" time="0.07"/>
  <testcase name="testTEXTExport_ProducesAllLogHeadings &lt;tycho&gt;" classname="org.eclipse.ocl.examples.validity.test.TextExportOCLValidationResultTests" time="0.072"/>
  <testcase name="testTEXTExport_LoggingMetricsWithWarningSeverity &lt;tycho&gt;" classname="org.eclipse.ocl.examples.validity.test.TextExportOCLValidationResultTests" time="0.072"/>
  <testcase name="testTEXTExport_LogInfoDiagnosticMessage &lt;tycho&gt;" classname="org.eclipse.ocl.examples.validity.test.TextExportOCLValidationResultTests" time="0.067"/>
  <testcase name="testTEXTExport_LogNullDiagnosticMessage &lt;tycho&gt;" classname="org.eclipse.ocl.examples.validity.test.TextExportOCLValidationResultTests" time="0.064"/>
  <testcase name="testTEXTExport_LoggingMetricsWithInformationSeverity &lt;tycho&gt;" classname="org.eclipse.ocl.examples.validity.test.TextExportOCLValidationResultTests" time="0.063"/>
  <testcase name="testTEXTExport_LoggingMetricsWithFailureSeverity &lt;tycho&gt;" classname="org.eclipse.ocl.examples.validity.test.TextExportOCLValidationResultTests" time="0.071"/>
  <testcase name="testTEXTExport_Statistics &lt;tycho&gt;" classname="org.eclipse.ocl.examples.validity.test.TextExportOCLValidationResultTests" time="0.072"/>
  <testcase name="testValidityManagerGetConstrainingNodeResults &lt;tycho&gt;" classname="org.eclipse.ocl.examples.validity.test.ValidityManagerTests" time="0.066"/>
  <testcase name="testValidityManagerGetValidatableNodeResults &lt;tycho&gt;" classname="org.eclipse.ocl.examples.validity.test.ValidityManagerTests" time="0.061"/>
  <testcase name="testValidityManagerGetConstrainingNode &lt;tycho&gt;" classname="org.eclipse.ocl.examples.validity.test.ValidityManagerTests" time="0.058"/>
  <testcase name="testValidityManagerSetInput &lt;tycho&gt;" classname="org.eclipse.ocl.examples.validity.test.ValidityManagerTests" time="0.087"/>
  <testcase name="testValidityModelInitializationConstraints &lt;tycho&gt;" classname="org.eclipse.ocl.examples.validity.test.ValidityModelTests" time="0.06"/>
  <testcase name="testValidityModelCreateResultSet &lt;tycho&gt;" classname="org.eclipse.ocl.examples.validity.test.ValidityModelTests" time="0.058"/>
  <testcase name="testValidityModel_AllResourcesArePresent &lt;tycho&gt;" classname="org.eclipse.ocl.examples.validity.test.ValidityModelTests" time="0.062"/>
  <testcase name="testValidityModelInitialization_RootValidatableNodesArePresent &lt;tycho&gt;" classname="org.eclipse.ocl.examples.validity.test.ValidityModelTests" time="0.056"/>
  <testcase name="testValidityModelInitializationModelElements &lt;tycho&gt;" classname="org.eclipse.ocl.examples.validity.test.ValidityModelTests" time="0.06"/>
</testsuite>